2018-09-28 06:28:34 INFO  PropertyLoader:17 - Entered getPropertyFileInstance method
2018-09-28 06:28:34 INFO  PropertyLoader:30 - Exited getSnapshot method through proper path
2018-09-28 06:28:34 DEBUG WebDriverMenuTest:114 - Property Key (to fetch browser driver version) = Chrome68
2018-09-28 06:28:34 DEBUG WebDriverMenuTest:116 - Suitable Browser Driver Version for [Chrome] = 2.42
2018-09-28 06:28:36 DEBUG RequestAddCookies:123 - CookieSpec selected: default
2018-09-28 06:28:36 DEBUG RequestAuthCache:77 - Auth cache not set in the context
2018-09-28 06:28:36 DEBUG PoolingHttpClientConnectionManager:265 - Connection request: [route: {s}->https://chromedriver.storage.googleapis.com:443][total kept alive: 0; route allocated: 0 of 2; total allocated: 0 of 20]
2018-09-28 06:28:36 DEBUG PoolingHttpClientConnectionManager:309 - Connection leased: [id: 0][route: {s}->https://chromedriver.storage.googleapis.com:443][total kept alive: 0; route allocated: 1 of 2; total allocated: 1 of 20]
2018-09-28 06:28:36 DEBUG MainClientExec:235 - Opening connection {s}->https://chromedriver.storage.googleapis.com:443
2018-09-28 06:28:36 DEBUG DefaultHttpClientConnectionOperator:139 - Connecting to chromedriver.storage.googleapis.com/216.58.197.80:443
2018-09-28 06:28:36 DEBUG SSLConnectionSocketFactory:337 - Connecting socket to chromedriver.storage.googleapis.com/216.58.197.80:443 with timeout 0
2018-09-28 06:28:36 DEBUG SSLConnectionSocketFactory:390 - Enabled protocols: [TLSv1, TLSv1.1, TLSv1.2]
2018-09-28 06:28:36 DEBUG SSLConnectionSocketFactory:391 - Enabled cipher suites:[TLS_ECDHE_ECDSA_WITH_AES_128_CBC_SHA256, TLS_ECDHE_RSA_WITH_AES_128_CBC_SHA256, TLS_RSA_WITH_AES_128_CBC_SHA256, TLS_ECDH_ECDSA_WITH_AES_128_CBC_SHA256, TLS_ECDH_RSA_WITH_AES_128_CBC_SHA256, TLS_DHE_RSA_WITH_AES_128_CBC_SHA256, TLS_DHE_DSS_WITH_AES_128_CBC_SHA256, TLS_ECDHE_ECDSA_WITH_AES_128_CBC_SHA, TLS_ECDHE_RSA_WITH_AES_128_CBC_SHA, TLS_RSA_WITH_AES_128_CBC_SHA, TLS_ECDH_ECDSA_WITH_AES_128_CBC_SHA, TLS_ECDH_RSA_WITH_AES_128_CBC_SHA, TLS_DHE_RSA_WITH_AES_128_CBC_SHA, TLS_DHE_DSS_WITH_AES_128_CBC_SHA, TLS_ECDHE_ECDSA_WITH_AES_128_GCM_SHA256, TLS_ECDHE_RSA_WITH_AES_128_GCM_SHA256, TLS_RSA_WITH_AES_128_GCM_SHA256, TLS_ECDH_ECDSA_WITH_AES_128_GCM_SHA256, TLS_ECDH_RSA_WITH_AES_128_GCM_SHA256, TLS_DHE_RSA_WITH_AES_128_GCM_SHA256, TLS_DHE_DSS_WITH_AES_128_GCM_SHA256, TLS_ECDHE_ECDSA_WITH_3DES_EDE_CBC_SHA, TLS_ECDHE_RSA_WITH_3DES_EDE_CBC_SHA, SSL_RSA_WITH_3DES_EDE_CBC_SHA, TLS_ECDH_ECDSA_WITH_3DES_EDE_CBC_SHA, TLS_ECDH_RSA_WITH_3DES_EDE_CBC_SHA, SSL_DHE_RSA_WITH_3DES_EDE_CBC_SHA, SSL_DHE_DSS_WITH_3DES_EDE_CBC_SHA, TLS_EMPTY_RENEGOTIATION_INFO_SCSV]
2018-09-28 06:28:36 DEBUG SSLConnectionSocketFactory:395 - Starting handshake
2018-09-28 06:28:36 DEBUG SSLConnectionSocketFactory:425 - Secure session established
2018-09-28 06:28:36 DEBUG SSLConnectionSocketFactory:426 -  negotiated protocol: TLSv1.2
2018-09-28 06:28:36 DEBUG SSLConnectionSocketFactory:427 -  negotiated cipher suite: TLS_ECDHE_RSA_WITH_AES_128_GCM_SHA256
2018-09-28 06:28:36 DEBUG SSLConnectionSocketFactory:435 -  peer principal: CN=*.storage.googleapis.com, O=Google LLC, L=Mountain View, ST=California, C=US
2018-09-28 06:28:36 DEBUG SSLConnectionSocketFactory:444 -  peer alternative names: [*.storage.googleapis.com, *.appspot.com.storage.googleapis.com, *.commondatastorage.googleapis.com, *.content-storage-download.googleapis.com, *.content-storage-upload.googleapis.com, *.content-storage.googleapis.com, *.googleapis.com, *.storage-download.googleapis.com, *.storage-upload.googleapis.com, *.storage.select.googleapis.com, commondatastorage.googleapis.com, static.panoramio.com.storage.googleapis.com, storage.googleapis.com, storage.select.googleapis.com, unfiltered.news]
2018-09-28 06:28:36 DEBUG SSLConnectionSocketFactory:448 -  issuer principal: CN=Google Internet Authority G3, O=Google Trust Services, C=US
2018-09-28 06:28:36 DEBUG DefaultHttpClientConnectionOperator:146 - Connection established 192.168.0.111:50758<->216.58.197.80:443
2018-09-28 06:28:36 DEBUG MainClientExec:256 - Executing request OPTIONS / HTTP/1.1
2018-09-28 06:28:36 DEBUG MainClientExec:261 - Target auth state: UNCHALLENGED
2018-09-28 06:28:36 DEBUG MainClientExec:267 - Proxy auth state: UNCHALLENGED
2018-09-28 06:28:36 DEBUG headers:133 - http-outgoing-0 >> OPTIONS / HTTP/1.1
2018-09-28 06:28:36 DEBUG headers:136 - http-outgoing-0 >> Host: chromedriver.storage.googleapis.com
2018-09-28 06:28:36 DEBUG headers:136 - http-outgoing-0 >> Connection: Keep-Alive
2018-09-28 06:28:36 DEBUG headers:136 - http-outgoing-0 >> User-Agent: Apache-HttpClient/4.5.5 (Java/1.8.0_121)
2018-09-28 06:28:36 DEBUG headers:136 - http-outgoing-0 >> Accept-Encoding: gzip,deflate
2018-09-28 06:28:36 DEBUG wire:73 - http-outgoing-0 >> "OPTIONS / HTTP/1.1[\r][\n]"
2018-09-28 06:28:36 DEBUG wire:73 - http-outgoing-0 >> "Host: chromedriver.storage.googleapis.com[\r][\n]"
2018-09-28 06:28:36 DEBUG wire:73 - http-outgoing-0 >> "Connection: Keep-Alive[\r][\n]"
2018-09-28 06:28:36 DEBUG wire:73 - http-outgoing-0 >> "User-Agent: Apache-HttpClient/4.5.5 (Java/1.8.0_121)[\r][\n]"
2018-09-28 06:28:36 DEBUG wire:73 - http-outgoing-0 >> "Accept-Encoding: gzip,deflate[\r][\n]"
2018-09-28 06:28:36 DEBUG wire:73 - http-outgoing-0 >> "[\r][\n]"
2018-09-28 06:28:36 DEBUG wire:73 - http-outgoing-0 << "HTTP/1.1 200 OK[\r][\n]"
2018-09-28 06:28:36 DEBUG wire:73 - http-outgoing-0 << "X-GUploader-UploadID: AEnB2UomQdwrm5WjIM0smTegGiX2EjqBeKmO6wVqcj4zAC424V7N_g8zZ7Y9_kEH0zgg8e-vphqxwZaUZk7QMJYkZ3tvXVEWrg[\r][\n]"
2018-09-28 06:28:36 DEBUG wire:73 - http-outgoing-0 << "Date: Fri, 28 Sep 2018 00:58:36 GMT[\r][\n]"
2018-09-28 06:28:36 DEBUG wire:73 - http-outgoing-0 << "Expires: Fri, 28 Sep 2018 00:58:36 GMT[\r][\n]"
2018-09-28 06:28:36 DEBUG wire:73 - http-outgoing-0 << "Cache-Control: private, max-age=0[\r][\n]"
2018-09-28 06:28:36 DEBUG wire:73 - http-outgoing-0 << "Content-Length: 0[\r][\n]"
2018-09-28 06:28:36 DEBUG wire:73 - http-outgoing-0 << "Server: UploadServer[\r][\n]"
2018-09-28 06:28:36 DEBUG wire:73 - http-outgoing-0 << "Content-Type: text/html; charset=UTF-8[\r][\n]"
2018-09-28 06:28:36 DEBUG wire:73 - http-outgoing-0 << "Alt-Svc: quic=":443"; ma=2592000; v="44,43,39,35"[\r][\n]"
2018-09-28 06:28:36 DEBUG wire:73 - http-outgoing-0 << "[\r][\n]"
2018-09-28 06:28:36 DEBUG headers:122 - http-outgoing-0 << HTTP/1.1 200 OK
2018-09-28 06:28:36 DEBUG headers:125 - http-outgoing-0 << X-GUploader-UploadID: AEnB2UomQdwrm5WjIM0smTegGiX2EjqBeKmO6wVqcj4zAC424V7N_g8zZ7Y9_kEH0zgg8e-vphqxwZaUZk7QMJYkZ3tvXVEWrg
2018-09-28 06:28:36 DEBUG headers:125 - http-outgoing-0 << Date: Fri, 28 Sep 2018 00:58:36 GMT
2018-09-28 06:28:36 DEBUG headers:125 - http-outgoing-0 << Expires: Fri, 28 Sep 2018 00:58:36 GMT
2018-09-28 06:28:36 DEBUG headers:125 - http-outgoing-0 << Cache-Control: private, max-age=0
2018-09-28 06:28:36 DEBUG headers:125 - http-outgoing-0 << Content-Length: 0
2018-09-28 06:28:36 DEBUG headers:125 - http-outgoing-0 << Server: UploadServer
2018-09-28 06:28:36 DEBUG headers:125 - http-outgoing-0 << Content-Type: text/html; charset=UTF-8
2018-09-28 06:28:36 DEBUG headers:125 - http-outgoing-0 << Alt-Svc: quic=":443"; ma=2592000; v="44,43,39,35"
2018-09-28 06:28:37 DEBUG MainClientExec:285 - Connection can be kept alive indefinitely
2018-09-28 06:28:37 DEBUG PoolingHttpClientConnectionManager:341 - Connection [id: 0][route: {s}->https://chromedriver.storage.googleapis.com:443] can be kept alive indefinitely
2018-09-28 06:28:37 DEBUG DefaultManagedHttpClientConnection:88 - http-outgoing-0: set socket timeout to 0
2018-09-28 06:28:37 DEBUG PoolingHttpClientConnectionManager:348 - Connection released: [id: 0][route: {s}->https://chromedriver.storage.googleapis.com:443][total kept alive: 1; route allocated: 1 of 2; total allocated: 1 of 20]
2018-09-28 06:28:39 DEBUG RequestAddCookies:123 - CookieSpec selected: default
2018-09-28 06:28:39 DEBUG RequestAuthCache:77 - Auth cache not set in the context
2018-09-28 06:28:39 DEBUG PoolingHttpClientConnectionManager:265 - Connection request: [route: {}->http://localhost:19887][total kept alive: 0; route allocated: 0 of 2000; total allocated: 0 of 2000]
2018-09-28 06:28:39 DEBUG PoolingHttpClientConnectionManager:309 - Connection leased: [id: 1][route: {}->http://localhost:19887][total kept alive: 0; route allocated: 1 of 2000; total allocated: 1 of 2000]
2018-09-28 06:28:39 DEBUG MainClientExec:235 - Opening connection {}->http://localhost:19887
2018-09-28 06:28:39 DEBUG DefaultHttpClientConnectionOperator:139 - Connecting to localhost/127.0.0.1:19887
2018-09-28 06:28:39 DEBUG DefaultHttpClientConnectionOperator:146 - Connection established 127.0.0.1:50761<->127.0.0.1:19887
2018-09-28 06:28:39 DEBUG DefaultManagedHttpClientConnection:88 - http-outgoing-1: set socket timeout to 10800000
2018-09-28 06:28:39 DEBUG MainClientExec:256 - Executing request POST /session HTTP/1.1
2018-09-28 06:28:39 DEBUG MainClientExec:261 - Target auth state: UNCHALLENGED
2018-09-28 06:28:39 DEBUG MainClientExec:267 - Proxy auth state: UNCHALLENGED
2018-09-28 06:28:39 DEBUG headers:133 - http-outgoing-1 >> POST /session HTTP/1.1
2018-09-28 06:28:39 DEBUG headers:136 - http-outgoing-1 >> Content-Type: application/json; charset=utf-8
2018-09-28 06:28:39 DEBUG headers:136 - http-outgoing-1 >> Content-Length: 82
2018-09-28 06:28:39 DEBUG headers:136 - http-outgoing-1 >> Host: localhost:19887
2018-09-28 06:28:39 DEBUG headers:136 - http-outgoing-1 >> Connection: Keep-Alive
2018-09-28 06:28:39 DEBUG headers:136 - http-outgoing-1 >> User-Agent: Apache-HttpClient/4.5.5 (Java/1.8.0_121)
2018-09-28 06:28:39 DEBUG headers:136 - http-outgoing-1 >> Accept-Encoding: gzip,deflate
2018-09-28 06:28:39 DEBUG wire:73 - http-outgoing-1 >> "POST /session HTTP/1.1[\r][\n]"
2018-09-28 06:28:39 DEBUG wire:73 - http-outgoing-1 >> "Content-Type: application/json; charset=utf-8[\r][\n]"
2018-09-28 06:28:39 DEBUG wire:73 - http-outgoing-1 >> "Content-Length: 82[\r][\n]"
2018-09-28 06:28:39 DEBUG wire:73 - http-outgoing-1 >> "Host: localhost:19887[\r][\n]"
2018-09-28 06:28:39 DEBUG wire:73 - http-outgoing-1 >> "Connection: Keep-Alive[\r][\n]"
2018-09-28 06:28:39 DEBUG wire:73 - http-outgoing-1 >> "User-Agent: Apache-HttpClient/4.5.5 (Java/1.8.0_121)[\r][\n]"
2018-09-28 06:28:39 DEBUG wire:73 - http-outgoing-1 >> "Accept-Encoding: gzip,deflate[\r][\n]"
2018-09-28 06:28:39 DEBUG wire:73 - http-outgoing-1 >> "[\r][\n]"
2018-09-28 06:28:39 DEBUG wire:87 - http-outgoing-1 >> "{"desiredCapabilities":{"browserName":"Chrome","version":"68","platform":"WIN10"}}"
2018-09-28 06:28:46 DEBUG wire:73 - http-outgoing-1 << "HTTP/1.1 200 OK[\r][\n]"
2018-09-28 06:28:46 DEBUG wire:73 - http-outgoing-1 << "Content-Length:890[\r][\n]"
2018-09-28 06:28:46 DEBUG wire:73 - http-outgoing-1 << "Content-Type:application/json; charset=utf-8[\r][\n]"
2018-09-28 06:28:46 DEBUG wire:73 - http-outgoing-1 << "[\r][\n]"
2018-09-28 06:28:46 DEBUG wire:87 - http-outgoing-1 << "{"sessionId":"1be8dc149c13468bc19892e5b732bf99","status":0,"value":{"acceptInsecureCerts":false,"acceptSslCerts":false,"applicationCacheEnabled":false,"browserConnectionEnabled":false,"browserName":"chrome","chrome":{"chromedriverVersion":"2.42.591088 (7b2b2dca23cca0862f674758c9a3933e685c27d5)","userDataDir":"C:\\Users\\ABHINA~1\\AppData\\Local\\Temp\\scoped_dir6992_9094"},"cssSelectorsEnabled":true,"databaseEnabled":false,"goog:chromeOptions":{"debuggerAddress":"localhost:50762"},"handlesAlerts":true,"hasTouchScreen":false,"javascriptEnabled":true,"locationContextEnabled":true,"mobileEmulationEnabled":false,"nativeEvents":true,"networkConnectionEnabled":false,"pageLoadStrategy":"normal","platform":"Windows NT","rotatable":false,"setWindowRect":true,"takesHeapSnapshot":true,"takesScreenshot":true,"unexpectedAlertBehaviour":"","version":"68.0.3440.106","webStorageEnabled":true}}"
2018-09-28 06:28:46 DEBUG headers:122 - http-outgoing-1 << HTTP/1.1 200 OK
2018-09-28 06:28:46 DEBUG headers:125 - http-outgoing-1 << Content-Length:890
2018-09-28 06:28:46 DEBUG headers:125 - http-outgoing-1 << Content-Type:application/json; charset=utf-8
2018-09-28 06:28:46 DEBUG MainClientExec:285 - Connection can be kept alive indefinitely
2018-09-28 06:28:46 DEBUG PoolingHttpClientConnectionManager:341 - Connection [id: 1][route: {}->http://localhost:19887] can be kept alive indefinitely
2018-09-28 06:28:46 DEBUG DefaultManagedHttpClientConnection:88 - http-outgoing-1: set socket timeout to 0
2018-09-28 06:28:46 DEBUG PoolingHttpClientConnectionManager:348 - Connection released: [id: 1][route: {}->http://localhost:19887][total kept alive: 1; route allocated: 1 of 2000; total allocated: 1 of 2000]
2018-09-28 06:28:46 DEBUG RequestAddCookies:123 - CookieSpec selected: default
2018-09-28 06:28:46 DEBUG RequestAuthCache:77 - Auth cache not set in the context
2018-09-28 06:28:46 DEBUG PoolingHttpClientConnectionManager:265 - Connection request: [route: {}->http://localhost:19887][total kept alive: 1; route allocated: 1 of 2000; total allocated: 1 of 2000]
2018-09-28 06:28:46 DEBUG PoolingHttpClientConnectionManager:309 - Connection leased: [id: 1][route: {}->http://localhost:19887][total kept alive: 0; route allocated: 1 of 2000; total allocated: 1 of 2000]
2018-09-28 06:28:46 DEBUG DefaultManagedHttpClientConnection:88 - http-outgoing-1: set socket timeout to 0
2018-09-28 06:28:46 DEBUG MainClientExec:208 - Stale connection check
2018-09-28 06:28:46 DEBUG wire:87 - http-outgoing-1 << "[read] I/O error: Read timed out"
2018-09-28 06:28:46 DEBUG DefaultManagedHttpClientConnection:88 - http-outgoing-1: set socket timeout to 10800000
2018-09-28 06:28:46 DEBUG MainClientExec:256 - Executing request POST /session/1be8dc149c13468bc19892e5b732bf99/timeouts HTTP/1.1
2018-09-28 06:28:46 DEBUG MainClientExec:261 - Target auth state: UNCHALLENGED
2018-09-28 06:28:46 DEBUG MainClientExec:267 - Proxy auth state: UNCHALLENGED
2018-09-28 06:28:46 DEBUG headers:133 - http-outgoing-1 >> POST /session/1be8dc149c13468bc19892e5b732bf99/timeouts HTTP/1.1
2018-09-28 06:28:46 DEBUG headers:136 - http-outgoing-1 >> Content-Type: application/json; charset=utf-8
2018-09-28 06:28:46 DEBUG headers:136 - http-outgoing-1 >> Content-Length: 29
2018-09-28 06:28:46 DEBUG headers:136 - http-outgoing-1 >> Host: localhost:19887
2018-09-28 06:28:46 DEBUG headers:136 - http-outgoing-1 >> Connection: Keep-Alive
2018-09-28 06:28:46 DEBUG headers:136 - http-outgoing-1 >> User-Agent: Apache-HttpClient/4.5.5 (Java/1.8.0_121)
2018-09-28 06:28:46 DEBUG headers:136 - http-outgoing-1 >> Accept-Encoding: gzip,deflate
2018-09-28 06:28:46 DEBUG wire:73 - http-outgoing-1 >> "POST /session/1be8dc149c13468bc19892e5b732bf99/timeouts HTTP/1.1[\r][\n]"
2018-09-28 06:28:46 DEBUG wire:73 - http-outgoing-1 >> "Content-Type: application/json; charset=utf-8[\r][\n]"
2018-09-28 06:28:46 DEBUG wire:73 - http-outgoing-1 >> "Content-Length: 29[\r][\n]"
2018-09-28 06:28:46 DEBUG wire:73 - http-outgoing-1 >> "Host: localhost:19887[\r][\n]"
2018-09-28 06:28:46 DEBUG wire:73 - http-outgoing-1 >> "Connection: Keep-Alive[\r][\n]"
2018-09-28 06:28:46 DEBUG wire:73 - http-outgoing-1 >> "User-Agent: Apache-HttpClient/4.5.5 (Java/1.8.0_121)[\r][\n]"
2018-09-28 06:28:46 DEBUG wire:73 - http-outgoing-1 >> "Accept-Encoding: gzip,deflate[\r][\n]"
2018-09-28 06:28:46 DEBUG wire:73 - http-outgoing-1 >> "[\r][\n]"
2018-09-28 06:28:46 DEBUG wire:87 - http-outgoing-1 >> "{"type":"implicit","ms":5000}"
2018-09-28 06:28:46 DEBUG wire:73 - http-outgoing-1 << "HTTP/1.1 200 OK[\r][\n]"
2018-09-28 06:28:46 DEBUG wire:73 - http-outgoing-1 << "Content-Length:72[\r][\n]"
2018-09-28 06:28:46 DEBUG wire:73 - http-outgoing-1 << "Content-Type:application/json; charset=utf-8[\r][\n]"
2018-09-28 06:28:46 DEBUG wire:73 - http-outgoing-1 << "[\r][\n]"
2018-09-28 06:28:46 DEBUG wire:87 - http-outgoing-1 << "{"sessionId":"1be8dc149c13468bc19892e5b732bf99","status":0,"value":null}"
2018-09-28 06:28:46 DEBUG headers:122 - http-outgoing-1 << HTTP/1.1 200 OK
2018-09-28 06:28:46 DEBUG headers:125 - http-outgoing-1 << Content-Length:72
2018-09-28 06:28:46 DEBUG headers:125 - http-outgoing-1 << Content-Type:application/json; charset=utf-8
2018-09-28 06:28:46 DEBUG MainClientExec:285 - Connection can be kept alive indefinitely
2018-09-28 06:28:46 DEBUG PoolingHttpClientConnectionManager:341 - Connection [id: 1][route: {}->http://localhost:19887] can be kept alive indefinitely
2018-09-28 06:28:46 DEBUG DefaultManagedHttpClientConnection:88 - http-outgoing-1: set socket timeout to 0
2018-09-28 06:28:46 DEBUG PoolingHttpClientConnectionManager:348 - Connection released: [id: 1][route: {}->http://localhost:19887][total kept alive: 1; route allocated: 1 of 2000; total allocated: 1 of 2000]
2018-09-28 06:28:46 DEBUG RequestAddCookies:123 - CookieSpec selected: default
2018-09-28 06:28:46 DEBUG RequestAuthCache:77 - Auth cache not set in the context
2018-09-28 06:28:46 DEBUG PoolingHttpClientConnectionManager:265 - Connection request: [route: {}->http://localhost:19887][total kept alive: 1; route allocated: 1 of 2000; total allocated: 1 of 2000]
2018-09-28 06:28:46 DEBUG PoolingHttpClientConnectionManager:309 - Connection leased: [id: 1][route: {}->http://localhost:19887][total kept alive: 0; route allocated: 1 of 2000; total allocated: 1 of 2000]
2018-09-28 06:28:46 DEBUG DefaultManagedHttpClientConnection:88 - http-outgoing-1: set socket timeout to 0
2018-09-28 06:28:46 DEBUG MainClientExec:208 - Stale connection check
2018-09-28 06:28:46 DEBUG wire:87 - http-outgoing-1 << "[read] I/O error: Read timed out"
2018-09-28 06:28:46 DEBUG DefaultManagedHttpClientConnection:88 - http-outgoing-1: set socket timeout to 10800000
2018-09-28 06:28:46 DEBUG MainClientExec:256 - Executing request POST /session/1be8dc149c13468bc19892e5b732bf99/window/current/maximize HTTP/1.1
2018-09-28 06:28:46 DEBUG MainClientExec:261 - Target auth state: UNCHALLENGED
2018-09-28 06:28:46 DEBUG MainClientExec:267 - Proxy auth state: UNCHALLENGED
2018-09-28 06:28:46 DEBUG headers:133 - http-outgoing-1 >> POST /session/1be8dc149c13468bc19892e5b732bf99/window/current/maximize HTTP/1.1
2018-09-28 06:28:46 DEBUG headers:136 - http-outgoing-1 >> Content-Type: application/json; charset=utf-8
2018-09-28 06:28:46 DEBUG headers:136 - http-outgoing-1 >> Content-Length: 26
2018-09-28 06:28:46 DEBUG headers:136 - http-outgoing-1 >> Host: localhost:19887
2018-09-28 06:28:46 DEBUG headers:136 - http-outgoing-1 >> Connection: Keep-Alive
2018-09-28 06:28:46 DEBUG headers:136 - http-outgoing-1 >> User-Agent: Apache-HttpClient/4.5.5 (Java/1.8.0_121)
2018-09-28 06:28:46 DEBUG headers:136 - http-outgoing-1 >> Accept-Encoding: gzip,deflate
2018-09-28 06:28:46 DEBUG wire:73 - http-outgoing-1 >> "POST /session/1be8dc149c13468bc19892e5b732bf99/window/current/maximize HTTP/1.1[\r][\n]"
2018-09-28 06:28:46 DEBUG wire:73 - http-outgoing-1 >> "Content-Type: application/json; charset=utf-8[\r][\n]"
2018-09-28 06:28:46 DEBUG wire:73 - http-outgoing-1 >> "Content-Length: 26[\r][\n]"
2018-09-28 06:28:46 DEBUG wire:73 - http-outgoing-1 >> "Host: localhost:19887[\r][\n]"
2018-09-28 06:28:46 DEBUG wire:73 - http-outgoing-1 >> "Connection: Keep-Alive[\r][\n]"
2018-09-28 06:28:46 DEBUG wire:73 - http-outgoing-1 >> "User-Agent: Apache-HttpClient/4.5.5 (Java/1.8.0_121)[\r][\n]"
2018-09-28 06:28:46 DEBUG wire:73 - http-outgoing-1 >> "Accept-Encoding: gzip,deflate[\r][\n]"
2018-09-28 06:28:46 DEBUG wire:73 - http-outgoing-1 >> "[\r][\n]"
2018-09-28 06:28:46 DEBUG wire:87 - http-outgoing-1 >> "{"windowHandle":"current"}"
2018-09-28 06:28:48 DEBUG wire:73 - http-outgoing-1 << "HTTP/1.1 200 OK[\r][\n]"
2018-09-28 06:28:48 DEBUG wire:73 - http-outgoing-1 << "Content-Length:109[\r][\n]"
2018-09-28 06:28:48 DEBUG wire:73 - http-outgoing-1 << "Content-Type:application/json; charset=utf-8[\r][\n]"
2018-09-28 06:28:48 DEBUG wire:73 - http-outgoing-1 << "[\r][\n]"
2018-09-28 06:28:48 DEBUG wire:87 - http-outgoing-1 << "{"sessionId":"1be8dc149c13468bc19892e5b732bf99","status":0,"value":{"height":744,"width":1382,"x":-8,"y":-8}}"
2018-09-28 06:28:48 DEBUG headers:122 - http-outgoing-1 << HTTP/1.1 200 OK
2018-09-28 06:28:48 DEBUG headers:125 - http-outgoing-1 << Content-Length:109
2018-09-28 06:28:48 DEBUG headers:125 - http-outgoing-1 << Content-Type:application/json; charset=utf-8
2018-09-28 06:28:48 DEBUG MainClientExec:285 - Connection can be kept alive indefinitely
2018-09-28 06:28:48 DEBUG PoolingHttpClientConnectionManager:341 - Connection [id: 1][route: {}->http://localhost:19887] can be kept alive indefinitely
2018-09-28 06:28:48 DEBUG DefaultManagedHttpClientConnection:88 - http-outgoing-1: set socket timeout to 0
2018-09-28 06:28:48 DEBUG PoolingHttpClientConnectionManager:348 - Connection released: [id: 1][route: {}->http://localhost:19887][total kept alive: 1; route allocated: 1 of 2000; total allocated: 1 of 2000]
2018-09-28 06:28:48 DEBUG RequestAddCookies:123 - CookieSpec selected: default
2018-09-28 06:28:48 DEBUG RequestAuthCache:77 - Auth cache not set in the context
2018-09-28 06:28:48 DEBUG PoolingHttpClientConnectionManager:265 - Connection request: [route: {}->http://localhost:19887][total kept alive: 1; route allocated: 1 of 2000; total allocated: 1 of 2000]
2018-09-28 06:28:48 DEBUG PoolingHttpClientConnectionManager:309 - Connection leased: [id: 1][route: {}->http://localhost:19887][total kept alive: 0; route allocated: 1 of 2000; total allocated: 1 of 2000]
2018-09-28 06:28:48 DEBUG DefaultManagedHttpClientConnection:88 - http-outgoing-1: set socket timeout to 0
2018-09-28 06:28:48 DEBUG MainClientExec:208 - Stale connection check
2018-09-28 06:28:48 DEBUG wire:87 - http-outgoing-1 << "[read] I/O error: Read timed out"
2018-09-28 06:28:48 DEBUG DefaultManagedHttpClientConnection:88 - http-outgoing-1: set socket timeout to 10800000
2018-09-28 06:28:48 DEBUG MainClientExec:256 - Executing request POST /session/1be8dc149c13468bc19892e5b732bf99/url HTTP/1.1
2018-09-28 06:28:48 DEBUG MainClientExec:261 - Target auth state: UNCHALLENGED
2018-09-28 06:28:48 DEBUG MainClientExec:267 - Proxy auth state: UNCHALLENGED
2018-09-28 06:28:48 DEBUG headers:133 - http-outgoing-1 >> POST /session/1be8dc149c13468bc19892e5b732bf99/url HTTP/1.1
2018-09-28 06:28:48 DEBUG headers:136 - http-outgoing-1 >> Content-Type: application/json; charset=utf-8
2018-09-28 06:28:48 DEBUG headers:136 - http-outgoing-1 >> Content-Length: 29
2018-09-28 06:28:48 DEBUG headers:136 - http-outgoing-1 >> Host: localhost:19887
2018-09-28 06:28:48 DEBUG headers:136 - http-outgoing-1 >> Connection: Keep-Alive
2018-09-28 06:28:48 DEBUG headers:136 - http-outgoing-1 >> User-Agent: Apache-HttpClient/4.5.5 (Java/1.8.0_121)
2018-09-28 06:28:48 DEBUG headers:136 - http-outgoing-1 >> Accept-Encoding: gzip,deflate
2018-09-28 06:28:48 DEBUG wire:73 - http-outgoing-1 >> "POST /session/1be8dc149c13468bc19892e5b732bf99/url HTTP/1.1[\r][\n]"
2018-09-28 06:28:48 DEBUG wire:73 - http-outgoing-1 >> "Content-Type: application/json; charset=utf-8[\r][\n]"
2018-09-28 06:28:48 DEBUG wire:73 - http-outgoing-1 >> "Content-Length: 29[\r][\n]"
2018-09-28 06:28:48 DEBUG wire:73 - http-outgoing-1 >> "Host: localhost:19887[\r][\n]"
2018-09-28 06:28:48 DEBUG wire:73 - http-outgoing-1 >> "Connection: Keep-Alive[\r][\n]"
2018-09-28 06:28:48 DEBUG wire:73 - http-outgoing-1 >> "User-Agent: Apache-HttpClient/4.5.5 (Java/1.8.0_121)[\r][\n]"
2018-09-28 06:28:48 DEBUG wire:73 - http-outgoing-1 >> "Accept-Encoding: gzip,deflate[\r][\n]"
2018-09-28 06:28:48 DEBUG wire:73 - http-outgoing-1 >> "[\r][\n]"
2018-09-28 06:28:48 DEBUG wire:87 - http-outgoing-1 >> "{"url":"http://google.co.in"}"
2018-09-28 06:28:53 DEBUG wire:73 - http-outgoing-1 << "HTTP/1.1 200 OK[\r][\n]"
2018-09-28 06:28:53 DEBUG wire:73 - http-outgoing-1 << "Content-Length:72[\r][\n]"
2018-09-28 06:28:53 DEBUG wire:73 - http-outgoing-1 << "Content-Type:application/json; charset=utf-8[\r][\n]"
2018-09-28 06:28:53 DEBUG wire:73 - http-outgoing-1 << "[\r][\n]"
2018-09-28 06:28:53 DEBUG wire:87 - http-outgoing-1 << "{"sessionId":"1be8dc149c13468bc19892e5b732bf99","status":0,"value":null}"
2018-09-28 06:28:53 DEBUG headers:122 - http-outgoing-1 << HTTP/1.1 200 OK
2018-09-28 06:28:53 DEBUG headers:125 - http-outgoing-1 << Content-Length:72
2018-09-28 06:28:53 DEBUG headers:125 - http-outgoing-1 << Content-Type:application/json; charset=utf-8
2018-09-28 06:28:53 DEBUG MainClientExec:285 - Connection can be kept alive indefinitely
2018-09-28 06:28:53 DEBUG PoolingHttpClientConnectionManager:341 - Connection [id: 1][route: {}->http://localhost:19887] can be kept alive indefinitely
2018-09-28 06:28:53 DEBUG DefaultManagedHttpClientConnection:88 - http-outgoing-1: set socket timeout to 0
2018-09-28 06:28:53 DEBUG PoolingHttpClientConnectionManager:348 - Connection released: [id: 1][route: {}->http://localhost:19887][total kept alive: 1; route allocated: 1 of 2000; total allocated: 1 of 2000]
2018-09-28 06:28:53 DEBUG RequestAddCookies:123 - CookieSpec selected: default
2018-09-28 06:28:53 DEBUG RequestAuthCache:77 - Auth cache not set in the context
2018-09-28 06:28:53 DEBUG PoolingHttpClientConnectionManager:265 - Connection request: [route: {}->http://localhost:19887][total kept alive: 1; route allocated: 1 of 2000; total allocated: 1 of 2000]
2018-09-28 06:28:53 DEBUG PoolingHttpClientConnectionManager:309 - Connection leased: [id: 1][route: {}->http://localhost:19887][total kept alive: 0; route allocated: 1 of 2000; total allocated: 1 of 2000]
2018-09-28 06:28:53 DEBUG DefaultManagedHttpClientConnection:88 - http-outgoing-1: set socket timeout to 0
2018-09-28 06:28:53 DEBUG MainClientExec:208 - Stale connection check
2018-09-28 06:28:53 DEBUG wire:87 - http-outgoing-1 << "[read] I/O error: Read timed out"
2018-09-28 06:28:53 DEBUG DefaultManagedHttpClientConnection:88 - http-outgoing-1: set socket timeout to 10800000
2018-09-28 06:28:53 DEBUG MainClientExec:256 - Executing request DELETE /session/1be8dc149c13468bc19892e5b732bf99/window HTTP/1.1
2018-09-28 06:28:53 DEBUG MainClientExec:261 - Target auth state: UNCHALLENGED
2018-09-28 06:28:53 DEBUG MainClientExec:267 - Proxy auth state: UNCHALLENGED
2018-09-28 06:28:53 DEBUG headers:133 - http-outgoing-1 >> DELETE /session/1be8dc149c13468bc19892e5b732bf99/window HTTP/1.1
2018-09-28 06:28:53 DEBUG headers:136 - http-outgoing-1 >> Host: localhost:19887
2018-09-28 06:28:53 DEBUG headers:136 - http-outgoing-1 >> Connection: Keep-Alive
2018-09-28 06:28:53 DEBUG headers:136 - http-outgoing-1 >> User-Agent: Apache-HttpClient/4.5.5 (Java/1.8.0_121)
2018-09-28 06:28:53 DEBUG headers:136 - http-outgoing-1 >> Accept-Encoding: gzip,deflate
2018-09-28 06:28:53 DEBUG wire:73 - http-outgoing-1 >> "DELETE /session/1be8dc149c13468bc19892e5b732bf99/window HTTP/1.1[\r][\n]"
2018-09-28 06:28:53 DEBUG wire:73 - http-outgoing-1 >> "Host: localhost:19887[\r][\n]"
2018-09-28 06:28:53 DEBUG wire:73 - http-outgoing-1 >> "Connection: Keep-Alive[\r][\n]"
2018-09-28 06:28:53 DEBUG wire:73 - http-outgoing-1 >> "User-Agent: Apache-HttpClient/4.5.5 (Java/1.8.0_121)[\r][\n]"
2018-09-28 06:28:53 DEBUG wire:73 - http-outgoing-1 >> "Accept-Encoding: gzip,deflate[\r][\n]"
2018-09-28 06:28:53 DEBUG wire:73 - http-outgoing-1 >> "[\r][\n]"
2018-09-28 06:28:55 DEBUG wire:73 - http-outgoing-1 << "HTTP/1.1 200 OK[\r][\n]"
2018-09-28 06:28:55 DEBUG wire:73 - http-outgoing-1 << "Content-Length:72[\r][\n]"
2018-09-28 06:28:55 DEBUG wire:73 - http-outgoing-1 << "Content-Type:application/json; charset=utf-8[\r][\n]"
2018-09-28 06:28:55 DEBUG wire:73 - http-outgoing-1 << "[\r][\n]"
2018-09-28 06:28:55 DEBUG wire:87 - http-outgoing-1 << "{"sessionId":"1be8dc149c13468bc19892e5b732bf99","status":0,"value":null}"
2018-09-28 06:28:55 DEBUG headers:122 - http-outgoing-1 << HTTP/1.1 200 OK
2018-09-28 06:28:55 DEBUG headers:125 - http-outgoing-1 << Content-Length:72
2018-09-28 06:28:55 DEBUG headers:125 - http-outgoing-1 << Content-Type:application/json; charset=utf-8
2018-09-28 06:28:55 DEBUG MainClientExec:285 - Connection can be kept alive indefinitely
2018-09-28 06:28:55 DEBUG PoolingHttpClientConnectionManager:341 - Connection [id: 1][route: {}->http://localhost:19887] can be kept alive indefinitely
2018-09-28 06:28:55 DEBUG DefaultManagedHttpClientConnection:88 - http-outgoing-1: set socket timeout to 0
2018-09-28 06:28:55 DEBUG PoolingHttpClientConnectionManager:348 - Connection released: [id: 1][route: {}->http://localhost:19887][total kept alive: 1; route allocated: 1 of 2000; total allocated: 1 of 2000]
2018-09-28 06:28:55 DEBUG RequestAddCookies:123 - CookieSpec selected: default
2018-09-28 06:28:55 DEBUG RequestAuthCache:77 - Auth cache not set in the context
2018-09-28 06:28:55 DEBUG PoolingHttpClientConnectionManager:265 - Connection request: [route: {}->http://localhost:19887][total kept alive: 1; route allocated: 1 of 2000; total allocated: 1 of 2000]
2018-09-28 06:28:55 DEBUG PoolingHttpClientConnectionManager:309 - Connection leased: [id: 1][route: {}->http://localhost:19887][total kept alive: 0; route allocated: 1 of 2000; total allocated: 1 of 2000]
2018-09-28 06:28:55 DEBUG DefaultManagedHttpClientConnection:88 - http-outgoing-1: set socket timeout to 0
2018-09-28 06:28:55 DEBUG MainClientExec:208 - Stale connection check
2018-09-28 06:28:55 DEBUG wire:87 - http-outgoing-1 << "[read] I/O error: Read timed out"
2018-09-28 06:28:55 DEBUG DefaultManagedHttpClientConnection:88 - http-outgoing-1: set socket timeout to 10800000
2018-09-28 06:28:55 DEBUG MainClientExec:256 - Executing request DELETE /session/1be8dc149c13468bc19892e5b732bf99 HTTP/1.1
2018-09-28 06:28:55 DEBUG MainClientExec:261 - Target auth state: UNCHALLENGED
2018-09-28 06:28:55 DEBUG MainClientExec:267 - Proxy auth state: UNCHALLENGED
2018-09-28 06:28:55 DEBUG headers:133 - http-outgoing-1 >> DELETE /session/1be8dc149c13468bc19892e5b732bf99 HTTP/1.1
2018-09-28 06:28:55 DEBUG headers:136 - http-outgoing-1 >> Host: localhost:19887
2018-09-28 06:28:55 DEBUG headers:136 - http-outgoing-1 >> Connection: Keep-Alive
2018-09-28 06:28:55 DEBUG headers:136 - http-outgoing-1 >> User-Agent: Apache-HttpClient/4.5.5 (Java/1.8.0_121)
2018-09-28 06:28:55 DEBUG headers:136 - http-outgoing-1 >> Accept-Encoding: gzip,deflate
2018-09-28 06:28:55 DEBUG wire:73 - http-outgoing-1 >> "DELETE /session/1be8dc149c13468bc19892e5b732bf99 HTTP/1.1[\r][\n]"
2018-09-28 06:28:55 DEBUG wire:73 - http-outgoing-1 >> "Host: localhost:19887[\r][\n]"
2018-09-28 06:28:55 DEBUG wire:73 - http-outgoing-1 >> "Connection: Keep-Alive[\r][\n]"
2018-09-28 06:28:55 DEBUG wire:73 - http-outgoing-1 >> "User-Agent: Apache-HttpClient/4.5.5 (Java/1.8.0_121)[\r][\n]"
2018-09-28 06:28:55 DEBUG wire:73 - http-outgoing-1 >> "Accept-Encoding: gzip,deflate[\r][\n]"
2018-09-28 06:28:55 DEBUG wire:73 - http-outgoing-1 >> "[\r][\n]"
2018-09-28 06:28:55 DEBUG wire:73 - http-outgoing-1 << "HTTP/1.1 200 OK[\r][\n]"
2018-09-28 06:28:55 DEBUG wire:73 - http-outgoing-1 << "Content-Length:40[\r][\n]"
2018-09-28 06:28:55 DEBUG wire:73 - http-outgoing-1 << "Content-Type:application/json; charset=utf-8[\r][\n]"
2018-09-28 06:28:55 DEBUG wire:73 - http-outgoing-1 << "[\r][\n]"
2018-09-28 06:28:55 DEBUG wire:87 - http-outgoing-1 << "{"sessionId":"","status":0,"value":null}"
2018-09-28 06:28:55 DEBUG headers:122 - http-outgoing-1 << HTTP/1.1 200 OK
2018-09-28 06:28:55 DEBUG headers:125 - http-outgoing-1 << Content-Length:40
2018-09-28 06:28:55 DEBUG headers:125 - http-outgoing-1 << Content-Type:application/json; charset=utf-8
2018-09-28 06:28:55 DEBUG MainClientExec:285 - Connection can be kept alive indefinitely
2018-09-28 06:28:55 DEBUG PoolingHttpClientConnectionManager:341 - Connection [id: 1][route: {}->http://localhost:19887] can be kept alive indefinitely
2018-09-28 06:28:55 DEBUG DefaultManagedHttpClientConnection:88 - http-outgoing-1: set socket timeout to 0
2018-09-28 06:28:55 DEBUG PoolingHttpClientConnectionManager:348 - Connection released: [id: 1][route: {}->http://localhost:19887][total kept alive: 1; route allocated: 1 of 2000; total allocated: 1 of 2000]
2018-09-28 06:28:55 DEBUG PoolingHttpClientConnectionManager:421 - Closing connections idle longer than 0 SECONDS
2018-09-28 06:28:55 DEBUG DefaultManagedHttpClientConnection:79 - http-outgoing-1: Close connection
